Using pre-set license
Built from '2020.3/release' branch; Version is '2020.3.12f1 (b3b2c6512326) revision 11776710'; Using compiler version '192528614'; Build Type 'Release'
OS: 'Windows 10 Home; OS build 19042.1052; Version 2009; 64bit' Language: 'ko' Physical Memory: 8001 MB
BatchMode: 1, IsHumanControllingUs: 0, StartBugReporterOnCrash: 0, Is64bit: 1, IsPro: 0

 COMMAND LINE ARGUMENTS:
C:\Program Files\Unity\Editor\Unity.exe
-adb2
-batchMode
-noUpm
-name
AssetImportWorker0
-projectPath
C:/Users/yeeun/Downloads/▶2021 대학원/프로젝트-과학청진기/scienscope-2021/scienscope_2021
-logFile
Logs/AssetImportWorker0.log
-srvPort
8949
Successfully changed project path to: C:/Users/yeeun/Downloads/▶2021 대학원/프로젝트-과학청진기/scienscope-2021/scienscope_2021
C:/Users/yeeun/Downloads/▶2021 대학원/프로젝트-과학청진기/scienscope-2021/scienscope_2021
Using Asset Import Pipeline V2.
Refreshing native plugins compatible for Editor in 212.95 ms, found 2 plugins.
Preloading 0 native plugins for Editor in 0.00 ms.
Initialize engine version: 2020.3.12f1 (b3b2c6512326)
[Subsystems] Discovering subsystems at path C:/Program Files/Unity/Editor/Data/Resources/UnitySubsystems
[Subsystems] Discovering subsystems at path C:/Users/yeeun/Downloads/▶2021 대학원/프로젝트-과학청진기/scienscope-2021/scienscope_2021/Assets
GfxDevice: creating device client; threaded=0
Direct3D:
    Version:  Direct3D 11.0 [level 11.1]
    Renderer: Intel(R) UHD Graphics (ID=0x9b41)
    Vendor:   
    VRAM:     4000 MB
    Driver:   26.20.100.7870
Initialize mono
Mono path[0] = 'C:/Program Files/Unity/Editor/Data/Managed'
Mono path[1] = 'C:/Program Files/Unity/Editor/Data/MonoBleedingEdge/lib/mono/unityjit'
Mono config path = 'C:/Program Files/Unity/Editor/Data/MonoBleedingEdge/etc'
Using monoOptions --debugger-agent=transport=dt_socket,embedding=1,server=y,suspend=n,address=127.0.0.1:56572
Begin MonoManager ReloadAssembly
Registering precompiled unity dll's ...
Register platform support module: C:/Program Files/Unity/Editor/Data/PlaybackEngines/WindowsStandaloneSupport/UnityEditor.WindowsStandalone.Extensions.dll
Registered in 0.023952 seconds.
Native extension for WindowsStandalone target not found
Refreshing native plugins compatible for Editor in 217.56 ms, found 2 plugins.
Preloading 0 native plugins for Editor in 0.00 ms.
Mono: successfully reloaded assembly
- Completed reload, in  4.147 seconds
Platform modules already initialized, skipping
Registering precompiled user dll's ...
Registered in 0.029439 seconds.
Begin MonoManager ReloadAssembly
Native extension for WindowsStandalone target not found
Refreshing native plugins compatible for Editor in 2.11 ms, found 2 plugins.
Preloading 0 native plugins for Editor in 0.00 ms.
Mono: successfully reloaded assembly
- Completed reload, in  4.381 seconds
Platform modules already initialized, skipping
========================================================================
Worker process is ready to serve import requests
Launched and connected shader compiler UnityShaderCompiler.exe after 0.19 seconds
Refreshing native plugins compatible for Editor in 2.18 ms, found 2 plugins.
Preloading 0 native plugins for Editor in 0.00 ms.
Unloading 1952 Unused Serialized files (Serialized files now loaded: 0)
System memory in use before: 81.3 MB.
System memory in use after: 81.4 MB.

Unloading 61 unused Assets to reduce memory usage. Loaded Objects now: 2354.
Total: 18.512600 ms (FindLiveObjects: 0.348600 ms CreateObjectMapping: 0.171600 ms MarkObjects: 17.835300 ms  DeleteObjects: 0.152800 ms)

AssetImportParameters requested are different than current active one (requested -> active):
  custom:framework-win-MediaFoundation: 216162199b28c13a410421893ffa2e32 -> 
  custom:video-decoder-ogg-theora: a1e56fd34408186e4bbccfd4996cb3dc -> 
  custom:container-muxer-webm: aa71ff27fc2769a1b78a27578f13a17b -> 
  custom:container-demuxer-webm: 4f35f7cbe854078d1ac9338744f61a02 -> 
  custom:container-demuxer-ogg: 62fdf1f143b41e24485cea50d1cbac27 -> 
  custom:video-encoder-webm-vp8: eb34c28f22e8b96e1ab97ce403110664 -> 
  custom:video-codec-MediaFoundation-h265: 746d11721c4dcdbdad8f713fa42b33f4 -> 
  custom:video-decoder-webm-vp8: 9c59270c3fd7afecdb556c50c9e8de78 -> 
  custom:audio-decoder-ogg-vorbis: bf7c407c2cedff20999df2af8eb42d56 -> 
  custom:audio-encoder-webm-vorbis: bf7c407c2cedff20999df2af8eb42d56 -> 
========================================================================
Received Import Request.
  path: Assets/UI/aim.png
  artifactKey: Guid(3b19260298cc8194690ad95d5438296c) Importer(815301076,1909f56bfc062723c751e8b465ee728b)
Start importing Assets/UI/aim.png using Guid(3b19260298cc8194690ad95d5438296c) Importer(815301076,1909f56bfc062723c751e8b465ee728b)  -> (artifact id: '5a4ec324be722328a394125887bf46dd') in 0.573688 seconds 
  Import took 0.584564 seconds .

========================================================================
Received Import Request.
  Time since last request: 54.801099 seconds.
  path: Assets/Scripts/Common/aarcall.cs
  artifactKey: Guid(c1810a257587ab948970157a3124e508) Importer(815301076,1909f56bfc062723c751e8b465ee728b)
Start importing Assets/Scripts/Common/aarcall.cs using Guid(c1810a257587ab948970157a3124e508) Importer(815301076,1909f56bfc062723c751e8b465ee728b)  -> (artifact id: '519700f8b6caac20ec13d0051c83e74c') in 0.032507 seconds 
  Import took 0.042520 seconds .

========================================================================
Received Import Request.
  Time since last request: 0.505719 seconds.
  path: Assets/Scripts/Common/aarcall.cs
  artifactKey: Guid(c1810a257587ab948970157a3124e508) Importer(815301076,1909f56bfc062723c751e8b465ee728b)
Start importing Assets/Scripts/Common/aarcall.cs using Guid(c1810a257587ab948970157a3124e508) Importer(815301076,1909f56bfc062723c751e8b465ee728b)  -> (artifact id: '519700f8b6caac20ec13d0051c83e74c') in 0.011012 seconds 
  Import took 0.076671 seconds .

========================================================================
Received Prepare
Registering precompiled user dll's ...
Registered in 0.033836 seconds.
Begin MonoManager ReloadAssembly
Native extension for WindowsStandalone target not found
Refreshing native plugins compatible for Editor in 1.38 ms, found 2 plugins.
Preloading 0 native plugins for Editor in 0.00 ms.
Mono: successfully reloaded assembly
- Completed reload, in  4.055 seconds
Platform modules already initialized, skipping
Switching build target platform(19) subTarget(0) extendedPlatform(0) -> platform(13) subTarget(589824) extendedPlatform(0)
Refreshing native plugins compatible for Editor in 2.47 ms, found 2 plugins.
Preloading 0 native plugins for Editor in 0.00 ms.
Unloading 1949 Unused Serialized files (Serialized files now loaded: 0)
System memory in use before: 84.1 MB.
System memory in use after: 84.2 MB.

Unloading 53 unused Assets to reduce memory usage. Loaded Objects now: 2363.
Total: 16.194300 ms (FindLiveObjects: 0.410700 ms CreateObjectMapping: 0.170700 ms MarkObjects: 15.511000 ms  DeleteObjects: 0.098000 ms)

AssetImportParameters requested are different than current active one (requested -> active):
  custom:framework-win-MediaFoundation: 216162199b28c13a410421893ffa2e32 -> 
  custom:video-decoder-ogg-theora: a1e56fd34408186e4bbccfd4996cb3dc -> 
  custom:container-muxer-webm: aa71ff27fc2769a1b78a27578f13a17b -> 
  custom:container-demuxer-webm: 4f35f7cbe854078d1ac9338744f61a02 -> 
  custom:container-demuxer-ogg: 62fdf1f143b41e24485cea50d1cbac27 -> 
  custom:video-encoder-webm-vp8: eb34c28f22e8b96e1ab97ce403110664 -> 
  custom:video-codec-MediaFoundation-h265: 746d11721c4dcdbdad8f713fa42b33f4 -> 
  custom:video-decoder-webm-vp8: 9c59270c3fd7afecdb556c50c9e8de78 -> 
  custom:graphics/normal-map-encoding: 01000000000000000000000000000000 -> 02000000000000000000000000000000
  custom:audio-decoder-ogg-vorbis: bf7c407c2cedff20999df2af8eb42d56 -> 
  custom:audio-encoder-webm-vorbis: bf7c407c2cedff20999df2af8eb42d56 -> 
========================================================================
Received Import Request.
  Time since last request: 209.389065 seconds.
  path: Assets/Scripts/Common/aarcall.cs
  artifactKey: Guid(c1810a257587ab948970157a3124e508) Importer(815301076,1909f56bfc062723c751e8b465ee728b)
Start importing Assets/Scripts/Common/aarcall.cs using Guid(c1810a257587ab948970157a3124e508) Importer(815301076,1909f56bfc062723c751e8b465ee728b)  -> (artifact id: 'a8c6be4aa5639ba99f343dedf0fa0a56') in 0.024869 seconds 
  Import took 0.034699 seconds .

========================================================================
Received Import Request.
  Time since last request: 270.041072 seconds.
  path: Assets/UI/pushed.png
  artifactKey: Guid(7314ac0203e780047a2452e3dee05c73) Importer(815301076,1909f56bfc062723c751e8b465ee728b)
Start importing Assets/UI/pushed.png using Guid(7314ac0203e780047a2452e3dee05c73) Importer(815301076,1909f56bfc062723c751e8b465ee728b)  -> (artifact id: '0ac8bb49f81272505772ad235d8789ec') in 0.075864 seconds 
  Import took 0.084283 seconds .

========================================================================
Received Import Request.
  Time since last request: 10.699326 seconds.
  path: Assets/UI/btn_pushed.png
  artifactKey: Guid(7314ac0203e780047a2452e3dee05c73) Importer(815301076,1909f56bfc062723c751e8b465ee728b)
Start importing Assets/UI/btn_pushed.png using Guid(7314ac0203e780047a2452e3dee05c73) Importer(815301076,1909f56bfc062723c751e8b465ee728b)  -> (artifact id: '3c6540a37a65a7b088f9f076234abbfa') in 0.049343 seconds 
  Import took 0.058263 seconds .

========================================================================
Received Import Request.
  Time since last request: 7.155607 seconds.
  path: Assets/UI/btn .png
  artifactKey: Guid(2d3e895220a84f345a21c0643c7c416d) Importer(815301076,1909f56bfc062723c751e8b465ee728b)
Start importing Assets/UI/btn .png using Guid(2d3e895220a84f345a21c0643c7c416d) Importer(815301076,1909f56bfc062723c751e8b465ee728b)  -> (artifact id: 'a2d24c6c8673f13287adef12b1fb761b') in 0.040276 seconds 
  Import took 0.045573 seconds .

========================================================================
Received Import Request.
  Time since last request: 0.002673 seconds.
  path: Assets/UI/btn .png
  artifactKey: Guid(2d3e895220a84f345a21c0643c7c416d) Importer(815301076,1909f56bfc062723c751e8b465ee728b)
Start importing Assets/UI/btn .png using Guid(2d3e895220a84f345a21c0643c7c416d) Importer(815301076,1909f56bfc062723c751e8b465ee728b)  -> (artifact id: 'a2d24c6c8673f13287adef12b1fb761b') in 0.030290 seconds 
  Import took 0.037227 seconds .

========================================================================
Received Import Request.
  Time since last request: 11.245941 seconds.
  path: Assets/UI/btn .png
  artifactKey: Guid(2d3e895220a84f345a21c0643c7c416d) Importer(815301076,1909f56bfc062723c751e8b465ee728b)
Start importing Assets/UI/btn .png using Guid(2d3e895220a84f345a21c0643c7c416d) Importer(815301076,1909f56bfc062723c751e8b465ee728b)  -> (artifact id: 'fbbc58ad5325f76e5875c47300f4ddc2') in 0.057197 seconds 
  Import took 0.064146 seconds .

========================================================================
Received Import Request.
  Time since last request: 769.459110 seconds.
  path: Assets/Scripts
  artifactKey: Guid(a28d9212a1493c74b8aa8a89b49a436f) Importer(815301076,1909f56bfc062723c751e8b465ee728b)
Start importing Assets/Scripts using Guid(a28d9212a1493c74b8aa8a89b49a436f) Importer(815301076,1909f56bfc062723c751e8b465ee728b)  -> (artifact id: '3a1450da5f15547b1111850040e4ee7a') in 0.021695 seconds 
  Import took 0.032113 seconds .

========================================================================
Received Import Request.
  Time since last request: 31.116597 seconds.
  path: Assets/Scripts/Blur2D.shader
  artifactKey: Guid(899f893a1b0d28c438c96ffb3404bee5) Importer(815301076,1909f56bfc062723c751e8b465ee728b)
Start importing Assets/Scripts/Blur2D.shader using Guid(899f893a1b0d28c438c96ffb3404bee5) Importer(815301076,1909f56bfc062723c751e8b465ee728b)  -> (artifact id: '749218764fedace8f53f05d627aa64d8') in 0.084928 seconds 
  Import took 0.097348 seconds .

========================================================================
Received Import Request.
  Time since last request: 26.681433 seconds.
  path: Assets/Scripts/Blur2D.shader
  artifactKey: Guid(899f893a1b0d28c438c96ffb3404bee5) Importer(815301076,1909f56bfc062723c751e8b465ee728b)
Start importing Assets/Scripts/Blur2D.shader using Guid(899f893a1b0d28c438c96ffb3404bee5) Importer(815301076,1909f56bfc062723c751e8b465ee728b)  -> (artifact id: 'e1d5c50a2727e1df8b547db398161ea2') in 0.013519 seconds 
  Import took 0.021490 seconds .

========================================================================
Received Import Request.
  Time since last request: 0.001196 seconds.
  path: Assets/Scripts/Blur2D.shader
  artifactKey: Guid(899f893a1b0d28c438c96ffb3404bee5) Importer(815301076,1909f56bfc062723c751e8b465ee728b)
Start importing Assets/Scripts/Blur2D.shader using Guid(899f893a1b0d28c438c96ffb3404bee5) Importer(815301076,1909f56bfc062723c751e8b465ee728b)  -> (artifact id: 'e1d5c50a2727e1df8b547db398161ea2') in 0.013297 seconds 
  Import took 0.020669 seconds .

========================================================================
Received Import Request.
  Time since last request: 5.422253 seconds.
  path: Assets/Scripts/Blur.shader
  artifactKey: Guid(899f893a1b0d28c438c96ffb3404bee5) Importer(815301076,1909f56bfc062723c751e8b465ee728b)
Start importing Assets/Scripts/Blur.shader using Guid(899f893a1b0d28c438c96ffb3404bee5) Importer(815301076,1909f56bfc062723c751e8b465ee728b)  -> (artifact id: 'eba8ec920b593809b3c22b3f011cb8ff') in 0.027786 seconds 
  Import took 0.035766 seconds .

========================================================================
Received Import Request.
  Time since last request: 5.931628 seconds.
  path: Assets/Scripts/2DBlur.shader
  artifactKey: Guid(899f893a1b0d28c438c96ffb3404bee5) Importer(815301076,1909f56bfc062723c751e8b465ee728b)
Start importing Assets/Scripts/2DBlur.shader using Guid(899f893a1b0d28c438c96ffb3404bee5) Importer(815301076,1909f56bfc062723c751e8b465ee728b)  -> (artifact id: '50f543570968c9eb273989ba7fef3b05') in 0.021056 seconds 
  Import took 0.030959 seconds .

AssetImportWorkerClient::OnTransportError - code=2 error=End of file
