Using pre-set license
Built from '2020.3/release' branch; Version is '2020.3.12f1 (b3b2c6512326) revision 11776710'; Using compiler version '192528614'; Build Type 'Release'
OS: 'Windows 10 Pro; OS build 17763.1577; Version 1809; 64bit' Language: 'ko' Physical Memory: 32697 MB
BatchMode: 1, IsHumanControllingUs: 0, StartBugReporterOnCrash: 0, Is64bit: 1, IsPro: 0

 COMMAND LINE ARGUMENTS:
C:\Program Files\Unity\Hub\Editor\2020.3.12f1\Editor\Unity.exe
-adb2
-batchMode
-noUpm
-name
AssetImportWorker0
-projectPath
F:/2021/scienscope_2021
-logFile
Logs/AssetImportWorker0.log
-srvPort
6381
Successfully changed project path to: F:/2021/scienscope_2021
F:/2021/scienscope_2021
Using Asset Import Pipeline V2.
Refreshing native plugins compatible for Editor in 72.31 ms, found 2 plugins.
Preloading 0 native plugins for Editor in 0.00 ms.
Initialize engine version: 2020.3.12f1 (b3b2c6512326)
[Subsystems] Discovering subsystems at path C:/Program Files/Unity/Hub/Editor/2020.3.12f1/Editor/Data/Resources/UnitySubsystems
[Subsystems] Discovering subsystems at path F:/2021/scienscope_2021/Assets
GfxDevice: creating device client; threaded=0
Direct3D:
    Version:  Direct3D 11.0 [level 11.1]
    Renderer: NVIDIA GeForce GTX 1660 (ID=0x2184)
    Vendor:   
    VRAM:     5991 MB
    Driver:   27.21.14.5671
Shader 'Universal Render Pipeline/Particles/Lit': fallback shader 'Universal Render Pipeline/Particles/SimpleLit' not found
Initialize mono
Mono path[0] = 'C:/Program Files/Unity/Hub/Editor/2020.3.12f1/Editor/Data/Managed'
Mono path[1] = 'C:/Program Files/Unity/Hub/Editor/2020.3.12f1/Editor/Data/MonoBleedingEdge/lib/mono/unityjit'
Mono config path = 'C:/Program Files/Unity/Hub/Editor/2020.3.12f1/Editor/Data/MonoBleedingEdge/etc'
Using monoOptions --debugger-agent=transport=dt_socket,embedding=1,server=y,suspend=n,address=127.0.0.1:56548
Begin MonoManager ReloadAssembly
Registering precompiled unity dll's ...
Register platform support module: C:/Program Files/Unity/Hub/Editor/2020.3.12f1/Editor/Data/PlaybackEngines/WindowsStandaloneSupport/UnityEditor.WindowsStandalone.Extensions.dll
Registered in 0.002758 seconds.
Native extension for WindowsStandalone target not found
Refreshing native plugins compatible for Editor in 58.93 ms, found 2 plugins.
Preloading 0 native plugins for Editor in 0.00 ms.
Mono: successfully reloaded assembly
- Completed reload, in  2.269 seconds
Platform modules already initialized, skipping
Registering precompiled user dll's ...
Registered in 0.006466 seconds.
Begin MonoManager ReloadAssembly
Native extension for WindowsStandalone target not found
Refreshing native plugins compatible for Editor in 55.22 ms, found 2 plugins.
Preloading 0 native plugins for Editor in 0.00 ms.
Mono: successfully reloaded assembly
- Completed reload, in  1.161 seconds
Platform modules already initialized, skipping
========================================================================
Worker process is ready to serve import requests
Shader 'Universal Render Pipeline/Particles/Lit': fallback shader 'Universal Render Pipeline/Particles/SimpleLit' not found
Launched and connected shader compiler UnityShaderCompiler.exe after 0.06 seconds
Refreshing native plugins compatible for Editor in 0.95 ms, found 2 plugins.
Preloading 0 native plugins for Editor in 0.00 ms.
Unloading 3262 Unused Serialized files (Serialized files now loaded: 0)
System memory in use before: 148.4 MB.
System memory in use after: 148.6 MB.

Unloading 61 unused Assets to reduce memory usage. Loaded Objects now: 3686.
Total: 5.343000 ms (FindLiveObjects: 0.411400 ms CreateObjectMapping: 0.087000 ms MarkObjects: 4.802400 ms  DeleteObjects: 0.040900 ms)

AssetImportParameters requested are different than current active one (requested -> active):
  custom:framework-win-MediaFoundation: 216162199b28c13a410421893ffa2e32 -> 
  custom:video-decoder-ogg-theora: a1e56fd34408186e4bbccfd4996cb3dc -> 
  custom:container-muxer-webm: aa71ff27fc2769a1b78a27578f13a17b -> 
  custom:container-demuxer-webm: 4f35f7cbe854078d1ac9338744f61a02 -> 
  custom:container-demuxer-ogg: 62fdf1f143b41e24485cea50d1cbac27 -> 
  custom:video-encoder-webm-vp8: eb34c28f22e8b96e1ab97ce403110664 -> 
  custom:video-decoder-webm-vp8: 9c59270c3fd7afecdb556c50c9e8de78 -> 
  custom:audio-decoder-ogg-vorbis: bf7c407c2cedff20999df2af8eb42d56 -> 
  custom:audio-encoder-webm-vorbis: bf7c407c2cedff20999df2af8eb42d56 -> 
========================================================================
Received Import Request.
  path: Assets/KawaseBlur/UnlitBlur.mat
  artifactKey: Guid(b89fe5ba919488448932eec0a1caf6fb) Importer(815301076,1909f56bfc062723c751e8b465ee728b)
Start importing Assets/KawaseBlur/UnlitBlur.mat using Guid(b89fe5ba919488448932eec0a1caf6fb) Importer(815301076,1909f56bfc062723c751e8b465ee728b)  -> (artifact id: '351650823bd3b0989337094f0d00f4b7') in 0.236728 seconds 
  Import took 0.252746 seconds .

========================================================================
Received Import Request.
  Time since last request: 0.000275 seconds.
  path: Assets/KawaseBlur/MaskedUnlitBlur.mat
  artifactKey: Guid(13b3cb4c8efa87a4eac5282b135579cb) Importer(815301076,1909f56bfc062723c751e8b465ee728b)
Start importing Assets/KawaseBlur/MaskedUnlitBlur.mat using Guid(13b3cb4c8efa87a4eac5282b135579cb) Importer(815301076,1909f56bfc062723c751e8b465ee728b)  -> (artifact id: '2e871ab8b8fcb44a26fbe4f778b2d83b') in 0.280958 seconds 
  Import took 0.285751 seconds .

========================================================================
Received Import Request.
  Time since last request: 0.000251 seconds.
  path: Assets/KawaseBlur/LitBlur.mat
  artifactKey: Guid(ad06795a79ce09048885563644e214f6) Importer(815301076,1909f56bfc062723c751e8b465ee728b)
Start importing Assets/KawaseBlur/LitBlur.mat using Guid(ad06795a79ce09048885563644e214f6) Importer(815301076,1909f56bfc062723c751e8b465ee728b)  -> (artifact id: 'a89d252913a5d07c2a92da54db08464a') in 0.395205 seconds 
  Import took 0.416103 seconds .

========================================================================
Received Import Request.
  Time since last request: 0.000251 seconds.
  path: Assets/KawaseBlur/KawaseBlurFeature.mat
  artifactKey: Guid(a00afda211f274f6ca6cce958e4e13a5) Importer(815301076,1909f56bfc062723c751e8b465ee728b)
Start importing Assets/KawaseBlur/KawaseBlurFeature.mat using Guid(a00afda211f274f6ca6cce958e4e13a5) Importer(815301076,1909f56bfc062723c751e8b465ee728b)  -> (artifact id: 'f405b686b31a074d2b9dafb7359f3368') in 0.012451 seconds 
  Import took 0.017536 seconds .

========================================================================
Received Import Request.
  Time since last request: 0.000235 seconds.
  path: Assets/KawaseBlur/MaskedLitBlur.mat
  artifactKey: Guid(b6781292ae0d95149ba585692de649b2) Importer(815301076,1909f56bfc062723c751e8b465ee728b)
Start importing Assets/KawaseBlur/MaskedLitBlur.mat using Guid(b6781292ae0d95149ba585692de649b2) Importer(815301076,1909f56bfc062723c751e8b465ee728b)  -> (artifact id: 'bff0bc79aec3836ff2bd06e282ff46f1') in 0.016590 seconds 
  Import took 0.044848 seconds .

========================================================================
Received Import Request.
  Time since last request: 13.841958 seconds.
  path: Assets/Scripts/shader_material/BlurMaterial3D.mat
  artifactKey: Guid(ce3d5c47f3b64a3469cb239dba610248) Importer(815301076,1909f56bfc062723c751e8b465ee728b)
Start importing Assets/Scripts/shader_material/BlurMaterial3D.mat using Guid(ce3d5c47f3b64a3469cb239dba610248) Importer(815301076,1909f56bfc062723c751e8b465ee728b)  -> (artifact id: 'ede1e4f23f9d6b4f5f1eee5f0eefe6ad') in 0.051335 seconds 
  Import took 0.088145 seconds .

========================================================================
Received Import Request.
  Time since last request: 0.000302 seconds.
  path: Assets/Scripts/shader_material/gifGUI.mat
  artifactKey: Guid(d444dc64ebc19ea44ad8bb642561d41a) Importer(815301076,1909f56bfc062723c751e8b465ee728b)
Start importing Assets/Scripts/shader_material/gifGUI.mat using Guid(d444dc64ebc19ea44ad8bb642561d41a) Importer(815301076,1909f56bfc062723c751e8b465ee728b)  -> (artifact id: 'c92b5d3ac095c174147ffd6a302e75a5') in 0.028080 seconds 
  Import took 0.039387 seconds .

========================================================================
Received Import Request.
  Time since last request: 0.000249 seconds.
  path: Assets/Scripts/shader_material/BlurMaterial3D.mat
  artifactKey: Guid(ce3d5c47f3b64a3469cb239dba610248) Importer(815301076,1909f56bfc062723c751e8b465ee728b)
Start importing Assets/Scripts/shader_material/BlurMaterial3D.mat using Guid(ce3d5c47f3b64a3469cb239dba610248) Importer(815301076,1909f56bfc062723c751e8b465ee728b)  -> (artifact id: 'ede1e4f23f9d6b4f5f1eee5f0eefe6ad') in 0.009379 seconds 
  Import took 0.014642 seconds .

========================================================================
Received Import Request.
  Time since last request: 0.000268 seconds.
  path: Assets/Scripts/shader_material/gifGUI.mat
  artifactKey: Guid(d444dc64ebc19ea44ad8bb642561d41a) Importer(815301076,1909f56bfc062723c751e8b465ee728b)
Start importing Assets/Scripts/shader_material/gifGUI.mat using Guid(d444dc64ebc19ea44ad8bb642561d41a) Importer(815301076,1909f56bfc062723c751e8b465ee728b)  -> (artifact id: 'c92b5d3ac095c174147ffd6a302e75a5') in 0.012446 seconds 
  Import took 0.017256 seconds .

========================================================================
Received Import Request.
  Time since last request: 20.462246 seconds.
  path: Assets/Scenes/UniversalRenderPipelineAsset_Renderer.asset
  artifactKey: Guid(6f9f609d4c4cf42428c18db0f353739c) Importer(815301076,1909f56bfc062723c751e8b465ee728b)
Start importing Assets/Scenes/UniversalRenderPipelineAsset_Renderer.asset using Guid(6f9f609d4c4cf42428c18db0f353739c) Importer(815301076,1909f56bfc062723c751e8b465ee728b)  -> (artifact id: '1ba18df7a25a8436fdf90cf4639924d4') in 0.013088 seconds 
  Import took 0.018140 seconds .

========================================================================
Received Prepare
Registering precompiled user dll's ...
Registered in 0.006177 seconds.
Begin MonoManager ReloadAssembly
Native extension for WindowsStandalone target not found
Refreshing native plugins compatible for Editor in 0.95 ms, found 2 plugins.
Preloading 0 native plugins for Editor in 0.00 ms.
Mono: successfully reloaded assembly
- Completed reload, in  1.146 seconds
Platform modules already initialized, skipping
Switching build target platform(19) subTarget(0) extendedPlatform(0) -> platform(13) subTarget(589824) extendedPlatform(0)
Shader 'Universal Render Pipeline/Particles/Lit': fallback shader 'Universal Render Pipeline/Particles/SimpleLit' not found
Refreshing native plugins compatible for Editor in 1.01 ms, found 2 plugins.
Preloading 0 native plugins for Editor in 0.00 ms.
Unloading 3153 Unused Serialized files (Serialized files now loaded: 0)
System memory in use before: 145.0 MB.
System memory in use after: 145.3 MB.

Unloading 53 unused Assets to reduce memory usage. Loaded Objects now: 3772.
Total: 7.298900 ms (FindLiveObjects: 0.368900 ms CreateObjectMapping: 0.097300 ms MarkObjects: 6.789400 ms  DeleteObjects: 0.041500 ms)

AssetImportParameters requested are different than current active one (requested -> active):
  custom:framework-win-MediaFoundation: 216162199b28c13a410421893ffa2e32 -> 
  custom:video-decoder-ogg-theora: a1e56fd34408186e4bbccfd4996cb3dc -> 
  custom:container-muxer-webm: aa71ff27fc2769a1b78a27578f13a17b -> 
  custom:container-demuxer-webm: 4f35f7cbe854078d1ac9338744f61a02 -> 
  custom:container-demuxer-ogg: 62fdf1f143b41e24485cea50d1cbac27 -> 
  custom:video-encoder-webm-vp8: eb34c28f22e8b96e1ab97ce403110664 -> 
  custom:video-decoder-webm-vp8: 9c59270c3fd7afecdb556c50c9e8de78 -> 
  custom:graphics/normal-map-encoding: 01000000000000000000000000000000 -> 02000000000000000000000000000000
  custom:audio-decoder-ogg-vorbis: bf7c407c2cedff20999df2af8eb42d56 -> 
  custom:audio-encoder-webm-vorbis: bf7c407c2cedff20999df2af8eb42d56 -> 
========================================================================
Received Prepare
Shader 'Universal Render Pipeline/Particles/Lit': fallback shader 'Universal Render Pipeline/Particles/SimpleLit' not found
Refreshing native plugins compatible for Editor in 14.08 ms, found 2 plugins.
Preloading 0 native plugins for Editor in 0.00 ms.
Unloading 51 Unused Serialized files (Serialized files now loaded: 0)
System memory in use before: 86.1 MB.
System memory in use after: 86.3 MB.

Unloading 51 unused Assets to reduce memory usage. Loaded Objects now: 3772.
Total: 6.760000 ms (FindLiveObjects: 0.415800 ms CreateObjectMapping: 0.096300 ms MarkObjects: 6.210900 ms  DeleteObjects: 0.035900 ms)

AssetImportParameters requested are different than current active one (requested -> active):
  custom:framework-win-MediaFoundation: 216162199b28c13a410421893ffa2e32 -> 
  custom:video-decoder-ogg-theora: a1e56fd34408186e4bbccfd4996cb3dc -> 
  custom:container-muxer-webm: aa71ff27fc2769a1b78a27578f13a17b -> 
  custom:container-demuxer-webm: 4f35f7cbe854078d1ac9338744f61a02 -> 
  custom:container-demuxer-ogg: 62fdf1f143b41e24485cea50d1cbac27 -> 
  custom:video-encoder-webm-vp8: eb34c28f22e8b96e1ab97ce403110664 -> 
  custom:video-decoder-webm-vp8: 9c59270c3fd7afecdb556c50c9e8de78 -> 
  custom:audio-decoder-ogg-vorbis: bf7c407c2cedff20999df2af8eb42d56 -> 
  custom:audio-encoder-webm-vorbis: bf7c407c2cedff20999df2af8eb42d56 -> 
========================================================================
Received Prepare
Shader 'Universal Render Pipeline/Particles/Lit': fallback shader 'Universal Render Pipeline/Particles/SimpleLit' not found
Refreshing native plugins compatible for Editor in 10.99 ms, found 2 plugins.
Preloading 0 native plugins for Editor in 0.00 ms.
Unloading 51 Unused Serialized files (Serialized files now loaded: 0)
System memory in use before: 86.1 MB.
System memory in use after: 86.3 MB.

Unloading 51 unused Assets to reduce memory usage. Loaded Objects now: 3772.
Total: 6.403700 ms (FindLiveObjects: 0.405100 ms CreateObjectMapping: 0.096000 ms MarkObjects: 5.868400 ms  DeleteObjects: 0.033100 ms)

AssetImportParameters requested are different than current active one (requested -> active):
  custom:framework-win-MediaFoundation: 216162199b28c13a410421893ffa2e32 -> 
  custom:video-decoder-ogg-theora: a1e56fd34408186e4bbccfd4996cb3dc -> 
  custom:container-muxer-webm: aa71ff27fc2769a1b78a27578f13a17b -> 
  custom:container-demuxer-webm: 4f35f7cbe854078d1ac9338744f61a02 -> 
  custom:container-demuxer-ogg: 62fdf1f143b41e24485cea50d1cbac27 -> 
  custom:video-encoder-webm-vp8: eb34c28f22e8b96e1ab97ce403110664 -> 
  custom:video-decoder-webm-vp8: 9c59270c3fd7afecdb556c50c9e8de78 -> 
  custom:audio-decoder-ogg-vorbis: bf7c407c2cedff20999df2af8eb42d56 -> 
  custom:audio-encoder-webm-vorbis: bf7c407c2cedff20999df2af8eb42d56 -> 
AssetImportWorkerClient::OnTransportError - code=2 error=End of file
